<?xml version="1.0" encoding="UTF-8"?>
<!-- Generated by org.testng.reporters.JUnitXMLReporter -->
<testsuite hostname="LAPTOP-IB42R380" ignored="0" name="Test" tests="5" failures="0" timestamp="2021-08-13T22:51:23 EDT" time="114.304" errors="0">
  <testcase name="runnerHPV" time="4.084" classname="testCases.HPV_homepageValidationRunner"/>
  <testcase name="runnerSSCV" time="27.602" classname="testCases.SSV_searchNShoppingCartValidationRunner"/>
  <testcase name="runnerHPPV" time="27.692" classname="testCases.HPPV_headphonePurchaseValidationRunner"/>
  <testcase name="runnerSSCV" time="27.551" classname="testCases.CUPV_contactUsPageValidationRunner"/>
  <testcase name="runnerTPV" time="27.28" classname="testCases.TPV_tabletPurchaseValidationRunner"/>
</testsuite> <!-- Test -->
