<?xml version="1.0" encoding="UTF-8"?>
<testng-results skipped="0" failed="0" ignored="0" total="1" passed="1">
  <reporter-output>
  </reporter-output>
  <suite name="Default suite" duration-ms="7611" started-at="2021-08-14T10:38:30 EDT" finished-at="2021-08-14T10:38:38 EDT">
    <groups>
    </groups>
    <test name="Default test" duration-ms="7611" started-at="2021-08-14T10:38:30 EDT" finished-at="2021-08-14T10:38:38 EDT">
      <class name="testCases.HPV_homepageValidationRunner">
        <test-method status="PASS" signature="runnerHPV()[pri:0, instance:testCases.HPV_homepageValidationRunner@4e718207]" name="runnerHPV" duration-ms="7520" started-at="2021-08-14T10:38:30 EDT" finished-at="2021-08-14T10:38:38 EDT">
          <reporter-output>
          </reporter-output>
        </test-method> <!-- runnerHPV -->
      </class> <!-- testCases.HPV_homepageValidationRunner -->
    </test> <!-- Default test -->
  </suite> <!-- Default suite -->
</testng-results>
